===========================================================================
         ________    _________   _______       __     _________            
        |        |\ |        |\ |       \\    |  |\  /         \\          
        |    ____|| |    ____|| |    __  ||   |__|| |    ___    ||         
        |   |\___\| |   |\___\| |   |\_| ||    \_\| |   //  \   ||         
        |   ||__    |   ||__    |   ||_| ||   |  |\ |  ||    |  ||         
        |       |\  |       |\  |         \\  |  || |  ||    |  ||         
        |    ___||  |    ___||  |    ___   || |  || |  ||    |  ||         
        |   |\__\|  |   |\__\|  |   |\__|  || |  || |  ||    |  ||         
        |   ||      |   ||___   |   ||__|  || |  || |   \\__/   ||         
        |   ||      |        |\ |          || |  || |           ||         
        |___||      |________|| |_________//  |__||  \_________//          
                                                                           
      F I N I T E   E L E M E N T S   F O R   B I O M E C H A N I C S      
                                                                           
  version 3.8.0
  FEBio is a registered trademark.                                         
  copyright (c) 2006-2021 - All rights reserved                            
                                                                           
===========================================================================


Setting parameter "RigidDipsZ01.value" to : -0



 FILES USED
===========================================================================
	Input file : r05038CXEOQ1I.feb
	Plot file  : r05038CXEOQ1I.xplt
	Log file   : r05038CXEOQ1I.log


 MESH INFO
===========================================================================
	Number of materials ............................ : 2
	Number of domains .............................. : 2
	Number of nodes ................................ : 5786
	Number of solid elements ....................... : 4827


 CONTROL DATA
===========================================================================
	Module type .................................... : biphasic
	Analysis type .................................. : dynamic
	Number of timesteps ............................ : 1425
	Time step size ................................. : 1
	Auto time stepper activated .................... : yes
	  Optimal nr of iterations ..................... : 10
	  Minimum allowable step size .................. : 0.01
	  Maximum allowable step size .................. : 0
	Number of load controllers ..................... : 2


 SOLVER PARAMETERS
===========================================================================
	symmetric_stiffness ............................... : 0
	equation_scheme ................................... : 0
	equation_order .................................... : 0
	optimize_bw ....................................... : 0
	lstol ............................................. : 0.9
	lsmin ............................................. : 0.01
	lsiter ............................................ : 5
	max_refs .......................................... : 25
	check_zero_diagonal ............................... : false
	zero_diagonal_tol ................................. : 0
	force_partition ................................... : 0
	reform_each_time_step ............................. : true
	reform_augment .................................... : false
	diverge_reform .................................... : true
	do_reforms ........................................ : true
	etol .............................................. : 0.01
	rtol .............................................. : 0
	min_residual ...................................... : 1e-20
	max_residual ...................................... : 0
	qnmethod .......................................... : 0
	max_ups ........................................... : 10
	qn_max_buffer_size ................................ : 0
	qn_cycle_buffer ................................... : true
	cmax .............................................. : 100000
	dtol .............................................. : 0.001
	rhoi .............................................. : -2
	alpha ............................................. : 1
	beta .............................................. : 0.25
	gamma ............................................. : 0.5
	logSolve .......................................... : false
	arc_length ........................................ : 0
	arc_length_scale .................................. : 0
	ptol .............................................. : 0.01
	mixed_formulation ................................. : 0


 OUTPUT DATA
===========================================================================
	plot level ................................ : major iterations
	plotfile format ........................... : FEBIO
		Nodal Variables:
			displacement         (type = vec3f, format = NODE)
			reaction forces      (type = vec3f, format = NODE)
		Domain Variables:
			rigid force          (type = vec3f, format = REGION)
			stress               (type = mat3fs, format = ITEM)
			effective fluid pressure (type = float, format = NODE)
			fluid pressure       (type = float, format = ITEM)
			fluid flux           (type = vec3f, format = ITEM)


 MATERIAL DATA
===========================================================================
  1 - Indenter (type: rigid body)
	mat_axis .......................................... : (can't display value)
	density ........................................... : 1
	secant_tangent .................................... : false
	E ................................................. : 1
	v ................................................. : 0
	parent_id ......................................... : -1
	center_of_mass .................................... : 0,0,0
---------------------------------------------------------------------------
  2 - Sample (type: biphasic)
	mat_axis .......................................... : (can't display value)
	phi0 .............................................. : 0.2
	fluid_density ..................................... : 1
	tau ............................................... : 0
	solid: (type: viscoelastic)
	  mat_axis ........................................ : (can't display value)
	  density ......................................... : 1
	  secant_tangent .................................. : false
	  secant_stress ................................... : false
	  t1 .............................................. : 100
	  t2 .............................................. : 1
	  t3 .............................................. : 1
	  t4 .............................................. : 1
	  t5 .............................................. : 1
	  t6 .............................................. : 1
	  g0 .............................................. : 1
	  g1 .............................................. : 1.8
	  g2 .............................................. : 0
	  g3 .............................................. : 0
	  g4 .............................................. : 0
	  g5 .............................................. : 0
	  g6 .............................................. : 0
	elastic: (type: solid mixture)
	    mat_axis ...................................... : (can't display value)
	    density ....................................... : 1
	    secant_tangent ................................ : false
	    secant_stress ................................. : false
	solid: (type: neo-Hookean)
	      mat_axis .................................... : (can't display value)
	      density ..................................... : 1
	      secant_tangent .............................. : false
	      secant_stress ............................... : false
	      E ........................................... : 0.5
	      v ........................................... : 0.2
	solid: (type: continuous fiber distribution)
	      mat_axis .................................... : (can't display value)
	      density ..................................... : 0
	      secant_tangent .............................. : false
	      secant_stress ............................... : false
	fibers: (type: fiber-exp-pow)
	        mat_axis .................................. : (can't display value)
	        density ................................... : 1
	        secant_tangent ............................ : false
	        secant_stress ............................. : false
	        fiber ..................................... : 1, 0, 0
	        alpha ..................................... : 1.2
	        beta ...................................... : 2
	        ksi ....................................... : 0.1
	        mu ........................................ : 0
	        epsilon_scale ............................. : 1
	        lam0 ...................................... : 1
	distribution: (type: von-Mises-3d)
	        mat_axis .................................. : (can't display value)
	        b ......................................... : 1.49
	scheme: (type: fibers-3d-fei)
	        mat_axis .................................. : (can't display value)
	        resolution ................................ : 196
	permeability: (type: perm-const-iso)
	  mat_axis ........................................ : (can't display value)
	  perm ............................................ : 0.14


 RIGID BODY DATA
===========================================================================
Rigid Body 1:
	material id    : 1
	center of mass : 0, 0, 0
	mass           : 0.268945
	Ixx Ixy Ixz    : 0.273272, -0.0792225, -0.118747
	Ixy Iyy Iyz    : -0.0792225, 0.273272, -0.118747
	Ixz Iyz Izz    : -0.118747, -0.118747, 0.248987


 BOUNDARY CONDITION DATA
===========================================================================
  1 -  Type: fix
	dofs .............................................. : 0
---------------------------------------------------------------------------
  2 -  Type: fix
	dofs .............................................. : 1
---------------------------------------------------------------------------
  3 -  Type: fix
	dofs .............................................. : 2
---------------------------------------------------------------------------
  4 -  Type: fix
	dofs .............................................. : 21


 CONTACT INTERFACE DATA
===========================================================================
contact interface 1 - Type: sliding-biphasic
	laugon ............................................ : 1
	penalty_sf ........................................ : 1
	max_penalty_sf .................................... : 0
	tolerance ......................................... : 0.2
	gaptol ............................................ : 0
	ptol .............................................. : 0
	penalty ........................................... : 100
	auto_penalty ...................................... : true
	update_penalty .................................... : false
	two_pass .......................................... : false
	knmult ............................................ : 1
	search_tol ........................................ : 0.01
	pressure_penalty .................................. : 1
	symmetric_stiffness ............................... : false
	search_radius ..................................... : 0.1
	seg_up ............................................ : 0
	minaug ............................................ : 0
	maxaug ............................................ : 10
	node_reloc ........................................ : false
	fric_coeff ........................................ : 0
	contact_frac ...................................... : 0
	smooth_aug ........................................ : false
	smooth_fls ........................................ : false
	flip_primary ...................................... : false
	flip_secondary .................................... : false
	shell_bottom_primary .............................. : false
	shell_bottom_secondary ............................ : false


 LINEAR SOLVER DATA
===========================================================================
	Solver type ....................................... : pardiso
	Matrix format ..................................... : unsymmetric


===== beginning time step 1 : 1 =====

Setting parameter "RigidDipsZ01.value" to : -0.03267

Reforming stiffness matrix: reformation #1

===== reforming stiffness matrix:
	Nr of equations ........................... : 21292
	Nr of nonzeroes in stiffness matrix ....... : 2007636
 1
 Nonlinear solution status: time= 1
	stiffness updates             = 0
	right hand side evaluations   = 4
	stiffness matrix reformations = 1
	step from line search         = 0.500000
	convergence norms :     INITIAL         CURRENT         REQUIRED
	   residual            6.251360e-29    9.208664e-03    0.000000e+00 
	   energy              8.357443e-29    3.624788e-17    8.357443e-31 
	   displacement        1.072455e-27    2.681138e-28    2.681138e-34 
	   fluid pressure      4.955732e-28    1.238933e-28    1.238933e-32 

 *************************************************************************
 *                               WARNING                                 *
 *                                                                       *
 * Problem is diverging. Stiffness matrix will now be reformed           *
 *                                                                       *
 *************************************************************************
Reforming stiffness matrix: reformation #2

===== reforming stiffness matrix:
	Nr of equations ........................... : 21292
	Nr of nonzeroes in stiffness matrix ....... : 2007688
 2

 *************************************************************************
 *                                ERROR                                  *
 *                                                                       *
 * Negative jacobian was detected.                                       *
 *                                                                       *
 *************************************************************************


------- failed to converge at time : 1

Retrying time step. Retry attempt 1 of max 20


AUTO STEPPER: retry step, dt = 0.952381


===== beginning time step 1 : 0.952381 =====

Setting parameter "RigidDipsZ01.value" to : -0.0311143

Reforming stiffness matrix: reformation #1

===== reforming stiffness matrix:
	Nr of equations ........................... : 21292
	Nr of nonzeroes in stiffness matrix ....... : 2007636
 1
 Nonlinear solution status: time= 0.952381
	stiffness updates             = 0
	right hand side evaluations   = 4
	stiffness matrix reformations = 1
	step from line search         = 0.500000
	convergence norms :     INITIAL         CURRENT         REQUIRED
	   residual            6.253268e-29    7.146951e-03    0.000000e+00 
	   energy              8.345386e-29    3.125630e-17    8.345386e-31 
	   displacement        1.072688e-27    2.681720e-28    2.681720e-34 
	   fluid pressure      5.179499e-28    1.294875e-28    1.294875e-32 

 *************************************************************************
 *                               WARNING                                 *
 *                                                                       *
 * Problem is diverging. Stiffness matrix will now be reformed           *
 *                                                                       *
 *************************************************************************
Reforming stiffness matrix: reformation #2

===== reforming stiffness matrix:
	Nr of equations ........................... : 21292
	Nr of nonzeroes in stiffness matrix ....... : 2007688
 2

 *************************************************************************
 *                                ERROR                                  *
 *                                                                       *
 * Negative jacobian was detected.                                       *
 *                                                                       *
 *************************************************************************


------- failed to converge at time : 0.952381

Retrying time step. Retry attempt 2 of max 20


AUTO STEPPER: retry step, dt = 0.904762


===== beginning time step 1 : 0.904762 =====

Setting parameter "RigidDipsZ01.value" to : -0.0295586

Reforming stiffness matrix: reformation #1

===== reforming stiffness matrix:
	Nr of equations ........................... : 21292
	Nr of nonzeroes in stiffness matrix ....... : 2007636
